<?xml version="1.0" encoding="UTF-8"?>
<!-- Generated by org.testng.reporters.JUnitXMLReporter -->
<testsuite ignored="0" hostname="Stella" failures="0" tests="3" name="Surefire test" time="14.225" errors="0" timestamp="2026-03-07T18:04:54 ART">
  <testcase classname="com.epam.training.student_stella_lopez.tests.LoginTests" name="should_navigate_to_inventory_page_when_login_with_valid_credentials" time="0.711"/>
  <testcase classname="com.epam.training.student_stella_lopez.tests.LoginTests" name="should_show_error_message_when_login_attempted_with_missing_credentials" time="0.864"/>
  <testcase classname="com.epam.training.student_stella_lopez.tests.LoginTests" name="should_show_error_message_when_login_attempted_with_missing_credentials" time="0.716"/>
</testsuite> <!-- Surefire test -->
