<?xml version="1.0" encoding="UTF-8"?>
<testng-results ignored="0" total="3" passed="3" failed="0" skipped="0">
  <reporter-output>
  </reporter-output>
  <suite started-at="2026-03-07T18:04:40 ART" name="Surefire suite" finished-at="2026-03-07T18:04:54 ART" duration-ms="14225">
    <groups>
    </groups>
    <test started-at="2026-03-07T18:04:40 ART" name="Surefire test" finished-at="2026-03-07T18:04:54 ART" duration-ms="14225">
      <class name="com.epam.training.student_stella_lopez.tests.LoginTests">
        <test-method is-config="true" signature="setUp(java.lang.String)[pri:0, instance:com.epam.training.student_stella_lopez.tests.LoginTests@34bde49d]" started-at="2026-03-07T18:04:40 ART" name="setUp" finished-at="2026-03-07T18:04:45 ART" duration-ms="4703" status="PASS">
          <params>
            <param index="0">
              <value is-null="true"/>
            </param>
          </params>
          <reporter-output>
          </reporter-output>
        </test-method> <!-- setUp -->
        <test-method signature="should_navigate_to_inventory_page_when_login_with_valid_credentials()[pri:0, instance:com.epam.training.student_stella_lopez.tests.LoginTests@34bde49d]" started-at="2026-03-07T18:04:45 ART" name="should_navigate_to_inventory_page_when_login_with_valid_credentials" description="Verify that a user with valid credentials is redirected to the inventory page" finished-at="2026-03-07T18:04:45 ART" duration-ms="711" status="PASS">
          <reporter-output>
          </reporter-output>
        </test-method> <!-- should_navigate_to_inventory_page_when_login_with_valid_credentials -->
        <test-method is-config="true" signature="tearDown()[pri:0, instance:com.epam.training.student_stella_lopez.tests.LoginTests@34bde49d]" started-at="2026-03-07T18:04:45 ART" name="tearDown" finished-at="2026-03-07T18:04:46 ART" duration-ms="355" status="PASS">
          <reporter-output>
          </reporter-output>
        </test-method> <!-- tearDown -->
        <test-method is-config="true" signature="setUp(java.lang.String)[pri:0, instance:com.epam.training.student_stella_lopez.tests.LoginTests@34bde49d]" started-at="2026-03-07T18:04:46 ART" name="setUp" finished-at="2026-03-07T18:04:50 ART" duration-ms="4201" status="PASS">
          <params>
            <param index="0">
              <value is-null="true"/>
            </param>
          </params>
          <reporter-output>
          </reporter-output>
        </test-method> <!-- setUp -->
        <test-method signature="should_show_error_message_when_login_attempted_with_missing_credentials(java.lang.String,java.lang.String,java.lang.String)[pri:0, instance:com.epam.training.student_stella_lopez.tests.LoginTests@34bde49d]" started-at="2026-03-07T18:04:50 ART" name="should_show_error_message_when_login_attempted_with_missing_credentials" description="Verify that an error message is shown when login is attempted with missing credentials" data-provider="invalidLoginData" finished-at="2026-03-07T18:04:51 ART" duration-ms="864" status="PASS">
          <params>
            <param index="0">
              <value>
                <![CDATA[username]]>
              </value>
            </param>
            <param index="1">
              <value>
                <![CDATA[password]]>
              </value>
            </param>
            <param index="2">
              <value>
                <![CDATA[Username is required]]>
              </value>
            </param>
          </params>
          <reporter-output>
          </reporter-output>
        </test-method> <!-- should_show_error_message_when_login_attempted_with_missing_credentials -->
        <test-method is-config="true" signature="tearDown()[pri:0, instance:com.epam.training.student_stella_lopez.tests.LoginTests@34bde49d]" started-at="2026-03-07T18:04:51 ART" name="tearDown" finished-at="2026-03-07T18:04:51 ART" duration-ms="311" status="PASS">
          <reporter-output>
          </reporter-output>
        </test-method> <!-- tearDown -->
        <test-method is-config="true" signature="setUp(java.lang.String)[pri:0, instance:com.epam.training.student_stella_lopez.tests.LoginTests@34bde49d]" started-at="2026-03-07T18:04:51 ART" name="setUp" finished-at="2026-03-07T18:04:53 ART" duration-ms="1996" status="PASS">
          <params>
            <param index="0">
              <value is-null="true"/>
            </param>
          </params>
          <reporter-output>
          </reporter-output>
        </test-method> <!-- setUp -->
        <test-method signature="should_show_error_message_when_login_attempted_with_missing_credentials(java.lang.String,java.lang.String,java.lang.String)[pri:0, instance:com.epam.training.student_stella_lopez.tests.LoginTests@34bde49d]" started-at="2026-03-07T18:04:53 ART" name="should_show_error_message_when_login_attempted_with_missing_credentials" description="Verify that an error message is shown when login is attempted with missing credentials" data-provider="invalidLoginData" finished-at="2026-03-07T18:04:54 ART" duration-ms="716" status="PASS">
          <params>
            <param index="0">
              <value>
                <![CDATA[standard_user]]>
              </value>
            </param>
            <param index="1">
              <value>
                <![CDATA[password]]>
              </value>
            </param>
            <param index="2">
              <value>
                <![CDATA[Password is required]]>
              </value>
            </param>
          </params>
          <reporter-output>
          </reporter-output>
        </test-method> <!-- should_show_error_message_when_login_attempted_with_missing_credentials -->
        <test-method is-config="true" signature="tearDown()[pri:0, instance:com.epam.training.student_stella_lopez.tests.LoginTests@34bde49d]" started-at="2026-03-07T18:04:54 ART" name="tearDown" finished-at="2026-03-07T18:04:54 ART" duration-ms="297" status="PASS">
          <reporter-output>
          </reporter-output>
        </test-method> <!-- tearDown -->
      </class> <!-- com.epam.training.student_stella_lopez.tests.LoginTests -->
    </test> <!-- Surefire test -->
  </suite> <!-- Surefire suite -->
</testng-results>
