<?xml version="1.0" encoding="UTF-8"?>
<!-- Generated by org.testng.reporters.JUnitReportReporter -->
<testsuite hostname="Stella" failures="0" tests="3" name="com.epam.training.student_stella_lopez.tests.LoginTests" time="14.154" errors="0" timestamp="2026-03-07T18:04:54 ART" skipped="0">
  <testcase classname="com.epam.training.student_stella_lopez.tests.LoginTests" name="should_show_error_message_when_login_attempted_with_missing_credentials" time="5.420"/>
  <testcase classname="com.epam.training.student_stella_lopez.tests.LoginTests" name="should_show_error_message_when_login_attempted_with_missing_credentials" time="3.023"/>
  <testcase classname="com.epam.training.student_stella_lopez.tests.LoginTests" name="should_navigate_to_inventory_page_when_login_with_valid_credentials" time="5.711"/>
</testsuite> <!-- com.epam.training.student_stella_lopez.tests.LoginTests -->
